<?xml version="1.0" encoding="UTF-8"?>
<!-- Generated by org.testng.reporters.JUnitReportReporter -->
<testsuite hostname="AravIndhu" failures="0" tests="6" name="cucucmberOptions.TestNGRunner" time="0.188" errors="0" timestamp="2024-03-27T18:26:11 EDT" skipped="0">
  <testcase classname="cucucmberOptions.TestNGRunner" name="runScenario" time="0.033"/>
  <testcase classname="cucucmberOptions.TestNGRunner" name="runScenario" time="0.012"/>
  <testcase classname="cucucmberOptions.TestNGRunner" name="runScenario" time="0.010"/>
  <testcase classname="cucucmberOptions.TestNGRunner" name="runScenario" time="0.010"/>
  <testcase classname="cucucmberOptions.TestNGRunner" name="runScenario" time="0.113"/>
  <testcase classname="cucucmberOptions.TestNGRunner" name="runScenario" time="0.010"/>
</testsuite> <!-- cucucmberOptions.TestNGRunner -->
